[debug] [2025-02-01T17:51:19.948Z] ----------------------------------------------------------------------
[debug] [2025-02-01T17:51:19.950Z] Command:       C:\Program Files\nodejs\node.exe C:\Users\Sri Yeswanth\AppData\Roaming\npm\node_modules\firebase-tools\lib\bin\firebase.js init
[debug] [2025-02-01T17:51:19.950Z] CLI Version:   13.29.3
[debug] [2025-02-01T17:51:19.951Z] Platform:      win32
[debug] [2025-02-01T17:51:19.951Z] Node Version:  v22.13.1
[debug] [2025-02-01T17:51:19.951Z] Time:          Sat Feb 01 2025 23:21:19 GMT+0530 (India Standard Time)
[debug] [2025-02-01T17:51:19.951Z] ----------------------------------------------------------------------
[debug] 
[debug] [2025-02-01T17:51:19.957Z] > command requires scopes: ["email","openid","https://www.googleapis.com/auth/cloudplatformprojects.readonly","https://www.googleapis.com/auth/firebase","https://www.googleapis.com/auth/cloud-platform"]
[debug] [2025-02-01T17:51:19.957Z] > authorizing via signed-in user (highbrowflea7678@gmail.com)
[info] 
     ######## #### ########  ######## ########     ###     ######  ########
     ##        ##  ##     ## ##       ##     ##  ##   ##  ##       ##
     ######    ##  ########  ######   ########  #########  ######  ######
     ##        ##  ##    ##  ##       ##     ## ##     ##       ## ##
     ##       #### ##     ## ######## ########  ##     ##  ######  ########

You're about to initialize a Firebase project in this directory:

  C:\Users\Sri Yeswanth\Documents\Grape

[info] 
=== Project Setup
[info] 
[info] First, let's associate this project directory with a Firebase project.
[info] You can create multiple project aliases by running firebase use --add, 
[info] but for now we'll just set up a default project.
[info] 
[debug] [2025-02-01T17:51:26.005Z] Checked if tokens are valid: true, expires at: 1738435418422
[debug] [2025-02-01T17:51:26.005Z] Checked if tokens are valid: true, expires at: 1738435418422
[debug] [2025-02-01T17:51:26.006Z] >>> [apiv2][query] GET https://firebase.googleapis.com/v1beta1/projects pageSize=100
[debug] [2025-02-01T17:51:26.871Z] <<< [apiv2][status] GET https://firebase.googleapis.com/v1beta1/projects 200
[debug] [2025-02-01T17:51:26.871Z] <<< [apiv2][body] GET https://firebase.googleapis.com/v1beta1/projects [omitted]
[info] i  Using project grape-130cc (Grape) 
[info] 
=== Dataconnect Setup
[debug] [2025-02-01T17:51:26.887Z] Checked if tokens are valid: true, expires at: 1738435418422
[debug] [2025-02-01T17:51:26.887Z] Checked if tokens are valid: true, expires at: 1738435418422
[debug] [2025-02-01T17:51:26.887Z] >>> [apiv2][query] GET https://cloudbilling.googleapis.com/v1/projects/grape-130cc/billingInfo [none]
[debug] [2025-02-01T17:51:28.347Z] <<< [apiv2][status] GET https://cloudbilling.googleapis.com/v1/projects/grape-130cc/billingInfo 200
[debug] [2025-02-01T17:51:28.347Z] <<< [apiv2][body] GET https://cloudbilling.googleapis.com/v1/projects/grape-130cc/billingInfo {"name":"projects/grape-130cc/billingInfo","projectId":"grape-130cc","billingAccountName":"","billingEnabled":false}
[info] i  dataconnect: ensuring required API sqladmin.googleapis.com is enabled... 
[debug] [2025-02-01T17:51:28.348Z] Checked if tokens are valid: true, expires at: 1738435418422
[debug] [2025-02-01T17:51:28.348Z] Checked if tokens are valid: true, expires at: 1738435418422
[debug] [2025-02-01T17:51:28.348Z] >>> [apiv2][query] GET https://serviceusage.googleapis.com/v1/projects/grape-130cc/services/sqladmin.googleapis.com [none]
[debug] [2025-02-01T17:51:28.348Z] >>> [apiv2][(partial)header] GET https://serviceusage.googleapis.com/v1/projects/grape-130cc/services/sqladmin.googleapis.com x-goog-quota-user=projects/grape-130cc
[debug] [2025-02-01T17:51:30.199Z] <<< [apiv2][status] GET https://serviceusage.googleapis.com/v1/projects/grape-130cc/services/sqladmin.googleapis.com 200
[debug] [2025-02-01T17:51:30.200Z] <<< [apiv2][body] GET https://serviceusage.googleapis.com/v1/projects/grape-130cc/services/sqladmin.googleapis.com [omitted]
[info] +  dataconnect: required API sqladmin.googleapis.com is enabled 
[info] i  dataconnect\dataconnect.yaml is unchanged 
[info] i  dataconnect\schema\schema.gql is unchanged 
[info] i  dataconnect\connector\connector.yaml is unchanged 
[info] i  dataconnect\connector\queries.gql is unchanged 
[info] i  dataconnect\connector\mutations.gql is unchanged 
[info] i  If you'd like to add the generated SDK to your app your, run firebase init dataconnect:sdk 
[info] i  If you'd like to provision a CloudSQL Postgres instance on the Firebase Data Connect no-cost trial:
1. Please upgrade to the pay-as-you-go (Blaze) billing plan. Visit the following page:
     https://console.firebase.google.com/project/grape-130cc/usage/details
2. Run firebase init dataconnect again to configure the Cloud SQL instance.
3. Run firebase deploy --only dataconnect to deploy your Data Connect service. 
[info] 
=== Firestore Setup
[debug] [2025-02-01T17:51:30.206Z] Checked if tokens are valid: true, expires at: 1738435418422
[debug] [2025-02-01T17:51:30.206Z] Checked if tokens are valid: true, expires at: 1738435418422
[debug] [2025-02-01T17:51:30.206Z] >>> [apiv2][query] GET https://serviceusage.googleapis.com/v1/projects/grape-130cc/services/firestore.googleapis.com [none]
[debug] [2025-02-01T17:51:30.206Z] >>> [apiv2][(partial)header] GET https://serviceusage.googleapis.com/v1/projects/grape-130cc/services/firestore.googleapis.com x-goog-quota-user=projects/grape-130cc
[debug] [2025-02-01T17:51:31.920Z] <<< [apiv2][status] GET https://serviceusage.googleapis.com/v1/projects/grape-130cc/services/firestore.googleapis.com 200
[debug] [2025-02-01T17:51:31.920Z] <<< [apiv2][body] GET https://serviceusage.googleapis.com/v1/projects/grape-130cc/services/firestore.googleapis.com [omitted]
[debug] [2025-02-01T17:51:31.920Z] Checked if tokens are valid: true, expires at: 1738435418422
[debug] [2025-02-01T17:51:31.920Z] Checked if tokens are valid: true, expires at: 1738435418422
[debug] [2025-02-01T17:51:31.921Z] >>> [apiv2][query] GET https://firestore.googleapis.com/v1/projects/grape-130cc/databases/(default) [none]
[debug] [2025-02-01T17:51:32.104Z] <<< [apiv2][status] GET https://firestore.googleapis.com/v1/projects/grape-130cc/databases/(default) 200
[debug] [2025-02-01T17:51:32.104Z] <<< [apiv2][body] GET https://firestore.googleapis.com/v1/projects/grape-130cc/databases/(default) {"name":"projects/grape-130cc/databases/(default)","uid":"1dcf364a-6a58-463f-a5f4-a105febba25b","createTime":"2025-02-01T17:48:50.690997Z","updateTime":"2025-02-01T17:48:50.690997Z","locationId":"asia-south1","type":"FIRESTORE_NATIVE","concurrencyMode":"PESSIMISTIC","versionRetentionPeriod":"3600s","earliestVersionTime":"2025-02-01T17:48:50.690997Z","appEngineIntegrationMode":"DISABLED","keyPrefix":"j","pointInTimeRecoveryEnablement":"POINT_IN_TIME_RECOVERY_DISABLED","deleteProtectionState":"DELETE_PROTECTION_DISABLED","databaseEdition":"STANDARD","etag":"IMbSx4uFo4sDML7hgbmEo4sD"}
[debug] [2025-02-01T17:51:32.104Z] database_type: FIRESTORE_NATIVE
[debug] [2025-02-01T17:51:32.104Z] database_type: FIRESTORE_NATIVE
[debug] [2025-02-01T17:51:32.104Z] > command requires scopes: ["email","openid","https://www.googleapis.com/auth/cloudplatformprojects.readonly","https://www.googleapis.com/auth/firebase","https://www.googleapis.com/auth/cloud-platform"]
[debug] [2025-02-01T17:51:32.104Z] > authorizing via signed-in user (highbrowflea7678@gmail.com)
[debug] [2025-02-01T17:51:32.104Z] [iam] checking project grape-130cc for permissions ["firebase.projects.get"]
[debug] [2025-02-01T17:51:32.105Z] Checked if tokens are valid: true, expires at: 1738435418422
[debug] [2025-02-01T17:51:32.105Z] Checked if tokens are valid: true, expires at: 1738435418422
[debug] [2025-02-01T17:51:32.105Z] >>> [apiv2][query] POST https://cloudresourcemanager.googleapis.com/v1/projects/grape-130cc:testIamPermissions [none]
[debug] [2025-02-01T17:51:32.105Z] >>> [apiv2][(partial)header] POST https://cloudresourcemanager.googleapis.com/v1/projects/grape-130cc:testIamPermissions x-goog-quota-user=projects/grape-130cc
[debug] [2025-02-01T17:51:32.105Z] >>> [apiv2][body] POST https://cloudresourcemanager.googleapis.com/v1/projects/grape-130cc:testIamPermissions {"permissions":["firebase.projects.get"]}
[debug] [2025-02-01T17:51:33.594Z] <<< [apiv2][status] POST https://cloudresourcemanager.googleapis.com/v1/projects/grape-130cc:testIamPermissions 200
[debug] [2025-02-01T17:51:33.594Z] <<< [apiv2][body] POST https://cloudresourcemanager.googleapis.com/v1/projects/grape-130cc:testIamPermissions {"permissions":["firebase.projects.get"]}
[info] 
[info] Firestore Security Rules allow you to define how and when to allow
[info] requests. You can keep these rules in your project directory
[info] and publish them with firebase deploy.
[info] 
[info] 
[info] Firestore indexes allow you to perform complex queries while
[info] maintaining performance that scales with the size of the result
[info] set. You can keep index definitions in your project directory
[info] and publish them with firebase deploy.
[info] 
[debug] [2025-02-01T17:53:01.491Z] Checked if tokens are valid: true, expires at: 1738435418422
[debug] [2025-02-01T17:53:01.491Z] Checked if tokens are valid: true, expires at: 1738435418422
[debug] [2025-02-01T17:53:01.491Z] Checked if tokens are valid: true, expires at: 1738435418422
[debug] [2025-02-01T17:53:01.491Z] Checked if tokens are valid: true, expires at: 1738435418422
[debug] [2025-02-01T17:53:01.491Z] >>> [apiv2][query] GET https://firestore.googleapis.com/v1/projects/grape-130cc/databases/(default)/collectionGroups/-/indexes [none]
[debug] [2025-02-01T17:53:01.493Z] >>> [apiv2][query] GET https://firestore.googleapis.com/v1/projects/grape-130cc/databases/(default)/collectionGroups/-/fields?filter=indexConfig.usesAncestorConfig=false OR ttlConfig:* [none]
[debug] [2025-02-01T17:53:01.775Z] <<< [apiv2][status] GET https://firestore.googleapis.com/v1/projects/grape-130cc/databases/(default)/collectionGroups/-/fields?filter=indexConfig.usesAncestorConfig=false OR ttlConfig:* 200
[debug] [2025-02-01T17:53:01.775Z] <<< [apiv2][body] GET https://firestore.googleapis.com/v1/projects/grape-130cc/databases/(default)/collectionGroups/-/fields?filter=indexConfig.usesAncestorConfig=false OR ttlConfig:* {"fields":[{"name":"projects/grape-130cc/databases/(default)/collectionGroups/__default__/fields/*","indexConfig":{"indexes":[{"queryScope":"COLLECTION","fields":[{"fieldPath":"*","order":"ASCENDING"}],"state":"READY"},{"queryScope":"COLLECTION","fields":[{"fieldPath":"*","order":"DESCENDING"}],"state":"READY"},{"queryScope":"COLLECTION","fields":[{"fieldPath":"*","arrayConfig":"CONTAINS"}],"state":"READY"}]}}]}
[debug] [2025-02-01T17:53:02.037Z] <<< [apiv2][status] GET https://firestore.googleapis.com/v1/projects/grape-130cc/databases/(default)/collectionGroups/-/indexes 200
[debug] [2025-02-01T17:53:02.037Z] <<< [apiv2][body] GET https://firestore.googleapis.com/v1/projects/grape-130cc/databases/(default)/collectionGroups/-/indexes {}
[info] 
=== Genkit Setup
[debug] [2025-02-01T17:53:15.466Z] > command requires scopes: ["email","openid","https://www.googleapis.com/auth/cloudplatformprojects.readonly","https://www.googleapis.com/auth/firebase","https://www.googleapis.com/auth/cloud-platform"]
[debug] [2025-02-01T17:53:15.467Z] > authorizing via signed-in user (highbrowflea7678@gmail.com)
[debug] [2025-02-01T17:53:15.467Z] [iam] checking project grape-130cc for permissions ["firebase.projects.get"]
[debug] [2025-02-01T17:53:15.467Z] Checked if tokens are valid: true, expires at: 1738435418422
[debug] [2025-02-01T17:53:15.467Z] Checked if tokens are valid: true, expires at: 1738435418422
[debug] [2025-02-01T17:53:15.467Z] >>> [apiv2][query] POST https://cloudresourcemanager.googleapis.com/v1/projects/grape-130cc:testIamPermissions [none]
[debug] [2025-02-01T17:53:15.467Z] >>> [apiv2][(partial)header] POST https://cloudresourcemanager.googleapis.com/v1/projects/grape-130cc:testIamPermissions x-goog-quota-user=projects/grape-130cc
[debug] [2025-02-01T17:53:15.467Z] >>> [apiv2][body] POST https://cloudresourcemanager.googleapis.com/v1/projects/grape-130cc:testIamPermissions {"permissions":["firebase.projects.get"]}
[debug] [2025-02-01T17:53:16.896Z] <<< [apiv2][status] POST https://cloudresourcemanager.googleapis.com/v1/projects/grape-130cc:testIamPermissions 200
[debug] [2025-02-01T17:53:16.896Z] <<< [apiv2][body] POST https://cloudresourcemanager.googleapis.com/v1/projects/grape-130cc:testIamPermissions {"permissions":["firebase.projects.get"]}
[debug] [2025-02-01T17:53:16.897Z] Checked if tokens are valid: true, expires at: 1738435418422
[debug] [2025-02-01T17:53:16.897Z] Checked if tokens are valid: true, expires at: 1738435418422
[debug] [2025-02-01T17:53:16.897Z] Checked if tokens are valid: true, expires at: 1738435418422
[debug] [2025-02-01T17:53:16.897Z] Checked if tokens are valid: true, expires at: 1738435418422
[debug] [2025-02-01T17:53:16.897Z] >>> [apiv2][query] GET https://serviceusage.googleapis.com/v1/projects/grape-130cc/services/cloudfunctions.googleapis.com [none]
[debug] [2025-02-01T17:53:16.897Z] >>> [apiv2][(partial)header] GET https://serviceusage.googleapis.com/v1/projects/grape-130cc/services/cloudfunctions.googleapis.com x-goog-quota-user=projects/grape-130cc
[debug] [2025-02-01T17:53:16.899Z] >>> [apiv2][query] GET https://serviceusage.googleapis.com/v1/projects/grape-130cc/services/runtimeconfig.googleapis.com [none]
[debug] [2025-02-01T17:53:16.899Z] >>> [apiv2][(partial)header] GET https://serviceusage.googleapis.com/v1/projects/grape-130cc/services/runtimeconfig.googleapis.com x-goog-quota-user=projects/grape-130cc
[debug] [2025-02-01T17:53:18.637Z] <<< [apiv2][status] GET https://serviceusage.googleapis.com/v1/projects/grape-130cc/services/runtimeconfig.googleapis.com 200
[debug] [2025-02-01T17:53:18.637Z] <<< [apiv2][body] GET https://serviceusage.googleapis.com/v1/projects/grape-130cc/services/runtimeconfig.googleapis.com [omitted]
[debug] [2025-02-01T17:53:18.933Z] <<< [apiv2][status] GET https://serviceusage.googleapis.com/v1/projects/grape-130cc/services/cloudfunctions.googleapis.com 200
[debug] [2025-02-01T17:53:18.933Z] <<< [apiv2][body] GET https://serviceusage.googleapis.com/v1/projects/grape-130cc/services/cloudfunctions.googleapis.com [omitted]
[debug] [2025-02-01T17:53:18.933Z] Checked if tokens are valid: true, expires at: 1738435418422
[debug] [2025-02-01T17:53:18.933Z] Checked if tokens are valid: true, expires at: 1738435418422
[debug] [2025-02-01T17:53:18.933Z] >>> [apiv2][query] POST https://serviceusage.googleapis.com/v1/projects/grape-130cc/services/cloudfunctions.googleapis.com:enable [none]
[debug] [2025-02-01T17:53:18.933Z] >>> [apiv2][(partial)header] POST https://serviceusage.googleapis.com/v1/projects/grape-130cc/services/cloudfunctions.googleapis.com:enable x-goog-quota-user=projects/grape-130cc
[debug] [2025-02-01T17:53:19.473Z] <<< [apiv2][status] POST https://serviceusage.googleapis.com/v1/projects/grape-130cc/services/cloudfunctions.googleapis.com:enable 200
[debug] [2025-02-01T17:53:19.473Z] <<< [apiv2][body] POST https://serviceusage.googleapis.com/v1/projects/grape-130cc/services/cloudfunctions.googleapis.com:enable [omitted]
[debug] [2025-02-01T17:53:29.477Z] Checked if tokens are valid: true, expires at: 1738435418422
[debug] [2025-02-01T17:53:29.477Z] Checked if tokens are valid: true, expires at: 1738435418422
[debug] [2025-02-01T17:53:29.477Z] >>> [apiv2][query] GET https://serviceusage.googleapis.com/v1/projects/grape-130cc/services/cloudfunctions.googleapis.com [none]
[debug] [2025-02-01T17:53:29.477Z] >>> [apiv2][(partial)header] GET https://serviceusage.googleapis.com/v1/projects/grape-130cc/services/cloudfunctions.googleapis.com x-goog-quota-user=projects/grape-130cc
[debug] [2025-02-01T17:53:31.212Z] <<< [apiv2][status] GET https://serviceusage.googleapis.com/v1/projects/grape-130cc/services/cloudfunctions.googleapis.com 200
[debug] [2025-02-01T17:53:31.212Z] <<< [apiv2][body] GET https://serviceusage.googleapis.com/v1/projects/grape-130cc/services/cloudfunctions.googleapis.com [omitted]
[info] Let's create a new codebase for your functions.
[info] A directory corresponding to the codebase will be created in your project
[info] with sample code pre-configured.

[info] See https://firebase.google.com/docs/functions/organize-functions for
[info] more information on organizing your functions using codebases.

[info] Functions can be deployed with firebase deploy.

[info] +  Wrote functions/package.json 
[info] +  Wrote functions/.eslintrc.js 
[info] +  Wrote functions/tsconfig.json 
[info] +  Wrote functions/tsconfig.dev.json 
[info] +  Wrote functions/src/index.ts 
[info] +  Wrote functions/.gitignore 
[info] 
[info] i  genkit: Installing Genkit CLI version 0.9.12
 
[info] i  genkit: Installing NPM packages for genkit 
[info] +  genkit: Successfully installed NPM packages 
[info] i  genkit: Updating tsconfig.json 
[info] +  genkit: Successfully updated tsconfig.json 
[info] i  genkit: Updating package.json 
[info] +  genkit: Successfully updated package.json 
[info] i  genkit: Generating sample file 
[info] +  genkit: Successfully generated sample file (src/genkit-sample.ts) 
[info] Start the Genkit developer experience by running:
[info] 
[info]     cd functions && npm run genkit:start
[info] 
=== Functions Setup
[debug] [2025-02-01T18:00:55.573Z] > command requires scopes: ["email","openid","https://www.googleapis.com/auth/cloudplatformprojects.readonly","https://www.googleapis.com/auth/firebase","https://www.googleapis.com/auth/cloud-platform"]
[debug] [2025-02-01T18:00:55.573Z] > authorizing via signed-in user (highbrowflea7678@gmail.com)
[debug] [2025-02-01T18:00:55.573Z] [iam] checking project grape-130cc for permissions ["firebase.projects.get"]
[debug] [2025-02-01T18:00:55.573Z] Checked if tokens are valid: true, expires at: 1738435418422
[debug] [2025-02-01T18:00:55.573Z] Checked if tokens are valid: true, expires at: 1738435418422
[debug] [2025-02-01T18:00:55.573Z] >>> [apiv2][query] POST https://cloudresourcemanager.googleapis.com/v1/projects/grape-130cc:testIamPermissions [none]
[debug] [2025-02-01T18:00:55.573Z] >>> [apiv2][(partial)header] POST https://cloudresourcemanager.googleapis.com/v1/projects/grape-130cc:testIamPermissions x-goog-quota-user=projects/grape-130cc
[debug] [2025-02-01T18:00:55.573Z] >>> [apiv2][body] POST https://cloudresourcemanager.googleapis.com/v1/projects/grape-130cc:testIamPermissions {"permissions":["firebase.projects.get"]}
[debug] [2025-02-01T18:00:57.130Z] <<< [apiv2][status] POST https://cloudresourcemanager.googleapis.com/v1/projects/grape-130cc:testIamPermissions 200
[debug] [2025-02-01T18:00:57.130Z] <<< [apiv2][body] POST https://cloudresourcemanager.googleapis.com/v1/projects/grape-130cc:testIamPermissions {"permissions":["firebase.projects.get"]}
[debug] [2025-02-01T18:00:57.131Z] Checked if tokens are valid: true, expires at: 1738435418422
[debug] [2025-02-01T18:00:57.131Z] Checked if tokens are valid: true, expires at: 1738435418422
[debug] [2025-02-01T18:00:57.131Z] Checked if tokens are valid: true, expires at: 1738435418422
[debug] [2025-02-01T18:00:57.131Z] Checked if tokens are valid: true, expires at: 1738435418422
[debug] [2025-02-01T18:00:57.131Z] >>> [apiv2][query] GET https://serviceusage.googleapis.com/v1/projects/grape-130cc/services/cloudfunctions.googleapis.com [none]
[debug] [2025-02-01T18:00:57.131Z] >>> [apiv2][(partial)header] GET https://serviceusage.googleapis.com/v1/projects/grape-130cc/services/cloudfunctions.googleapis.com x-goog-quota-user=projects/grape-130cc
[debug] [2025-02-01T18:00:57.132Z] >>> [apiv2][query] GET https://serviceusage.googleapis.com/v1/projects/grape-130cc/services/runtimeconfig.googleapis.com [none]
[debug] [2025-02-01T18:00:57.132Z] >>> [apiv2][(partial)header] GET https://serviceusage.googleapis.com/v1/projects/grape-130cc/services/runtimeconfig.googleapis.com x-goog-quota-user=projects/grape-130cc
[debug] [2025-02-01T18:00:58.956Z] <<< [apiv2][status] GET https://serviceusage.googleapis.com/v1/projects/grape-130cc/services/cloudfunctions.googleapis.com 200
[debug] [2025-02-01T18:00:58.956Z] <<< [apiv2][body] GET https://serviceusage.googleapis.com/v1/projects/grape-130cc/services/cloudfunctions.googleapis.com [omitted]
[debug] [2025-02-01T18:00:59.198Z] <<< [apiv2][status] GET https://serviceusage.googleapis.com/v1/projects/grape-130cc/services/runtimeconfig.googleapis.com 200
[debug] [2025-02-01T18:00:59.198Z] <<< [apiv2][body] GET https://serviceusage.googleapis.com/v1/projects/grape-130cc/services/runtimeconfig.googleapis.com [omitted]
[info] 
Detected existing codebase(s): default

[info] Let's create a new codebase for your functions.
[info] A directory corresponding to the codebase will be created in your project
[info] with sample code pre-configured.

[info] See https://firebase.google.com/docs/functions/organize-functions for
[info] more information on organizing your functions using codebases.

[info] Functions can be deployed with firebase deploy.

[error] Invalid codebase name. Codebase must be less than 64 characters and can contain only lowercase letters, numeric characters, underscores, and dashes.
[info] +  Wrote grape/requirements.txt 
[info] +  Wrote grape/.gitignore 
[info] +  Wrote grape/main.py 
[debug] [2025-02-01T18:01:40.042Z] Running command with virtualenv: command="C:\Users\Sri Yeswanth\Documents\Grape\grape\venv\Scripts\activate.bat", args=["","&&","pip3","install","--upgrade","pip"]
[debug] [2025-02-01T18:01:41.874Z] Error: spawn "C:\Users\Sri Yeswanth\Documents\Grape\grape\venv\Scripts\activate.bat" ENOENT
    at notFoundError (C:\Users\Sri Yeswanth\AppData\Roaming\npm\node_modules\firebase-tools\node_modules\cross-spawn\lib\enoent.js:6:26)
    at verifyENOENT (C:\Users\Sri Yeswanth\AppData\Roaming\npm\node_modules\firebase-tools\node_modules\cross-spawn\lib\enoent.js:40:16)
    at cp.emit (C:\Users\Sri Yeswanth\AppData\Roaming\npm\node_modules\firebase-tools\node_modules\cross-spawn\lib\enoent.js:27:25)
    at ChildProcess._handle.onexit (node:internal/child_process:293:12)
[error] 
[error] Error: An unexpected error has occurred.
